2017-08-01 16:13:18 INFO  c.e.d.SpringBootSandBoxApplication:48 - Starting SpringBootSandBoxApplication on HQB100DIT15 with PID 1440 (E:\Documents\Java\ALivWorkspace\SpringBootSandBox\target\classes started by Dy in E:\Documents\Java\ALivWorkspace\SpringBootSandBox)
2017-08-01 16:13:18 INFO  c.e.d.SpringBootSandBoxApplication:593 - No active profile set, falling back to default profiles: default
2017-08-01 16:13:18 INFO  o.s.b.c.e.AnnotationConfigEmbeddedWebApplicationContext:583 - Refreshing org.springframework.boot.context.embedded.AnnotationConfigEmbeddedWebApplicationContext@24754a23: startup date [Tue Aug 01 16:13:18 ICT 2017]; root of context hierarchy
2017-08-01 16:13:19 INFO  o.s.b.c.e.t.TomcatEmbeddedServletContainer:89 - Tomcat initialized with port(s): 8080 (http)
2017-08-01 16:13:19 INFO  o.a.c.c.StandardService:179 - Starting service [Tomcat]
2017-08-01 16:13:19 INFO  o.a.c.c.StandardEngine:179 - Starting Servlet Engine: Apache Tomcat/8.5.16
2017-08-01 16:13:19 INFO  o.a.c.c.C.[.[.[/]:179 - Initializing Spring embedded WebApplicationContext
2017-08-01 16:13:19 INFO  o.s.w.c.ContextLoader:276 - Root WebApplicationContext: initialization completed in 1405 ms
2017-08-01 16:13:19 INFO  o.s.b.w.s.FilterRegistrationBean:258 - Mapping filter: 'characterEncodingFilter' to: [/*]
2017-08-01 16:13:19 INFO  o.s.b.w.s.FilterRegistrationBean:258 - Mapping filter: 'hiddenHttpMethodFilter' to: [/*]
2017-08-01 16:13:19 INFO  o.s.b.w.s.FilterRegistrationBean:258 - Mapping filter: 'httpPutFormContentFilter' to: [/*]
2017-08-01 16:13:19 INFO  o.s.b.w.s.FilterRegistrationBean:258 - Mapping filter: 'requestContextFilter' to: [/*]
2017-08-01 16:13:19 INFO  o.s.b.w.s.DelegatingFilterProxyRegistrationBean:258 - Mapping filter: 'springSecurityFilterChain' to: [/*]
2017-08-01 16:13:19 INFO  o.s.b.w.s.ServletRegistrationBean:190 - Mapping servlet: 'dispatcherServlet' to [/]
2017-08-01 16:13:20 INFO  o.s.o.j.LocalContainerEntityManagerFactoryBean:349 - Building JPA container EntityManagerFactory for persistence unit 'default'
2017-08-01 16:13:20 INFO  o.h.j.i.u.LogHelper:31 - HHH000204: Processing PersistenceUnitInfo [
	name: default
	...]
2017-08-01 16:13:20 INFO  o.h.Version:37 - HHH000412: Hibernate Core {5.0.12.Final}
2017-08-01 16:13:20 INFO  o.h.c.Environment:213 - HHH000206: hibernate.properties not found
2017-08-01 16:13:20 INFO  o.h.c.Environment:317 - HHH000021: Bytecode provider name : javassist
2017-08-01 16:13:20 INFO  o.h.a.c.Version:66 - HCANN000001: Hibernate Commons Annotations {5.0.1.Final}
2017-08-01 16:13:20 INFO  o.h.d.Dialect:156 - HHH000400: Using dialect: org.hibernate.dialect.MySQL5Dialect
2017-08-01 16:13:20 INFO  o.h.t.h.SchemaUpdate:105 - HHH000228: Running hbm2ddl schema update
2017-08-01 16:13:20 INFO  o.s.o.j.LocalContainerEntityManagerFactoryBean:379 - Initialized JPA EntityManagerFactory for persistence unit 'default'
2017-08-01 16:13:20 INFO  o.s.w.s.m.m.a.RequestMappingHandlerAdapter:534 - Looking for @ControllerAdvice: org.springframework.boot.context.embedded.AnnotationConfigEmbeddedWebApplicationContext@24754a23: startup date [Tue Aug 01 16:13:18 ICT 2017]; root of context hierarchy
2017-08-01 16:13:20 INFO  o.s.w.s.m.m.a.RequestMappingHandlerMapping:543 - Mapped "{[/error]}" onto public org.springframework.http.ResponseEntity<java.util.Map<java.lang.String, java.lang.Object>> org.springframework.boot.autoconfigure.web.BasicErrorController.error(javax.servlet.http.HttpServletRequest)
2017-08-01 16:13:20 INFO  o.s.w.s.m.m.a.RequestMappingHandlerMapping:543 - Mapped "{[/error],produces=[text/html]}" onto public org.springframework.web.servlet.ModelAndView org.springframework.boot.autoconfigure.web.BasicErrorController.errorHtml(javax.servlet.http.HttpServletRequest,javax.servlet.http.HttpServletResponse)
2017-08-01 16:13:21 INFO  o.s.w.s.h.SimpleUrlHandlerMapping:362 - Mapped URL path [/webjars/**] onto handler of type [class org.springframework.web.servlet.resource.ResourceHttpRequestHandler]
2017-08-01 16:13:21 INFO  o.s.w.s.h.SimpleUrlHandlerMapping:362 - Mapped URL path [/**] onto handler of type [class org.springframework.web.servlet.resource.ResourceHttpRequestHandler]
2017-08-01 16:13:21 INFO  o.s.w.s.h.SimpleUrlHandlerMapping:362 - Mapped URL path [/**/favicon.ico] onto handler of type [class org.springframework.web.servlet.resource.ResourceHttpRequestHandler]
2017-08-01 16:13:21 WARN  o.s.b.a.t.AbstractTemplateResolverConfiguration:60 - Cannot find template location: classpath:/templates/ (please add some templates or check your Thymeleaf configuration)
2017-08-01 16:13:21 INFO  o.s.b.a.s.AuthenticationManagerConfiguration:173 - 

Using default security password: b66f97e3-97af-477a-81a6-d1e3f0cefa8b

2017-08-01 16:13:21 INFO  o.s.s.w.DefaultSecurityFilterChain:43 - Creating filter chain: OrRequestMatcher [requestMatchers=[Ant [pattern='/css/**'], Ant [pattern='/js/**'], Ant [pattern='/images/**'], Ant [pattern='/webjars/**'], Ant [pattern='/**/favicon.ico'], Ant [pattern='/error']]], []
2017-08-01 16:13:21 INFO  o.s.s.w.DefaultSecurityFilterChain:43 - Creating filter chain: OrRequestMatcher [requestMatchers=[Ant [pattern='/**']]], [org.springframework.security.web.context.request.async.WebAsyncManagerIntegrationFilter@487634c1, org.springframework.security.web.context.SecurityContextPersistenceFilter@223365f2, org.springframework.security.web.header.HeaderWriterFilter@469a5f9e, org.springframework.security.web.authentication.logout.LogoutFilter@6750950a, org.springframework.security.web.authentication.www.BasicAuthenticationFilter@393041f8, org.springframework.security.web.savedrequest.RequestCacheAwareFilter@47f67982, org.springframework.security.web.servletapi.SecurityContextHolderAwareRequestFilter@c66533a, org.springframework.security.web.authentication.AnonymousAuthenticationFilter@6eaf8dd7, org.springframework.security.web.session.SessionManagementFilter@4122d145, org.springframework.security.web.access.ExceptionTranslationFilter@36d6d566, org.springframework.security.web.access.intercept.FilterSecurityInterceptor@12f0c7fe]
2017-08-01 16:13:21 INFO  o.s.b.d.a.OptionalLiveReloadServer:58 - LiveReload server is running on port 35729
2017-08-01 16:13:21 INFO  o.s.j.e.a.AnnotationMBeanExporter:431 - Registering beans for JMX exposure on startup
2017-08-01 16:13:21 INFO  o.s.b.c.e.t.TomcatEmbeddedServletContainer:201 - Tomcat started on port(s): 8080 (http)
2017-08-01 16:13:21 INFO  c.e.d.SpringBootSandBoxApplication:57 - Started SpringBootSandBoxApplication in 3.576 seconds (JVM running for 4.108)
2017-08-01 16:13:40 INFO  o.a.c.c.C.[.[.[/]:179 - Initializing Spring FrameworkServlet 'dispatcherServlet'
2017-08-01 16:13:40 INFO  o.s.w.s.DispatcherServlet:489 - FrameworkServlet 'dispatcherServlet': initialization started
2017-08-01 16:13:40 INFO  o.s.w.s.DispatcherServlet:508 - FrameworkServlet 'dispatcherServlet': initialization completed in 13 ms
2017-08-01 16:13:59 INFO  o.s.b.a.SpringApplicationAdminMXBeanRegistrar$SpringApplicationAdmin:125 - Application shutdown requested.
2017-08-01 16:13:59 INFO  o.s.b.c.e.AnnotationConfigEmbeddedWebApplicationContext:984 - Closing org.springframework.boot.context.embedded.AnnotationConfigEmbeddedWebApplicationContext@24754a23: startup date [Tue Aug 01 16:13:18 ICT 2017]; root of context hierarchy
2017-08-01 16:13:59 INFO  o.s.j.e.a.AnnotationMBeanExporter:449 - Unregistering JMX-exposed beans on shutdown
2017-08-01 16:13:59 INFO  o.s.o.j.LocalContainerEntityManagerFactoryBean:548 - Closing JPA EntityManagerFactory for persistence unit 'default'
